# JRE version: OpenJDK Runtime Environment Temurin-17.0.6+10 (17.0.6+10) (build 17.0.6+10)
# Java VM: OpenJDK 64-Bit Server VM Temurin-17.0.6+10 (17.0.6+10, mixed mode, emulated-client, tiered, compressed oops, compressed class ptrs, g1 gc, linux-amd64)
GC Precious Log:
 CPUs: 4 total, 4 available
 Memory: 11856M
 Large Page Support: Disabled
 NUMA Support: Disabled
 Compressed Oops: Enabled (Zero based)
 Heap Region Size: 2M
 Heap Min Capacity: 8M
 Heap Initial Capacity: 186M
 Heap Max Capacity: 2966M
 Pre-touch: Disabled
 Parallel Workers: 4
 Concurrent Workers: 1
 Concurrent Refinement Workers: 4
 Periodic GC: Disabled
Heap:
 garbage-first heap   total 59392K, used 24362K [0x0000000746a00000, 0x0000000800000000)
  region size 2048K, 7 young (14336K), 2 survivors (4096K)
 Metaspace       used 35685K, committed 36096K, reserved 1081344K
  class space    used 4605K, committed 4800K, reserved 1048576K
GC Heap History (16 events):
Event: 0.691 GC heap before
{Heap before GC invocations=0 (full 0):
 garbage-first heap   total 190464K, used 12288K [0x0000000746a00000, 0x0000000800000000)
  region size 2048K, 6 young (12288K), 0 survivors (0K)
 Metaspace       used 12512K, committed 12736K, reserved 1064960K
  class space    used 1291K, committed 1408K, reserved 1048576K
}
Event: 0.699 GC heap after
{Heap after GC invocations=1 (full 0):
 garbage-first heap   total 190464K, used 6639K [0x0000000746a00000, 0x0000000800000000)
  region size 2048K, 1 young (2048K), 1 survivors (2048K)
 Metaspace       used 12512K, committed 12736K, reserved 1064960K
  class space    used 1291K, committed 1408K, reserved 1048576K
}
Event: 0.883 GC heap before
{Heap before GC invocations=1 (full 0):
 garbage-first heap   total 190464K, used 14831K [0x0000000746a00000, 0x0000000800000000)
  region size 2048K, 5 young (10240K), 1 survivors (2048K)
 Metaspace       used 15500K, committed 15744K, reserved 1064960K
  class space    used 1652K, committed 1792K, reserved 1048576K
}
Event: 0.886 GC heap after
{Heap after GC invocations=2 (full 0):
 garbage-first heap   total 190464K, used 7834K [0x0000000746a00000, 0x0000000800000000)
  region size 2048K, 1 young (2048K), 1 survivors (2048K)
 Metaspace       used 15500K, committed 15744K, reserved 1064960K
  class space    used 1652K, committed 1792K, reserved 1048576K
}
Event: 1.153 GC heap before
{Heap before GC invocations=2 (full 0):
 garbage-first heap   total 190464K, used 26266K [0x0000000746a00000, 0x0000000800000000)
  region size 2048K, 11 young (22528K), 1 survivors (2048K)
 Metaspace       used 19285K, committed 19584K, reserved 1073152K
  class space    used 2221K, committed 2368K, reserved 1048576K
}
Event: 1.156 GC heap after
{Heap after GC invocations=3 (full 0):
 garbage-first heap   total 190464K, used 9251K [0x0000000746a00000, 0x0000000800000000)
  region size 2048K, 2 young (4096K), 2 survivors (4096K)
 Metaspace       used 19285K, committed 19584K, reserved 1073152K
  class space    used 2221K, committed 2368K, reserved 1048576K
}
Event: 1.238 GC heap before
{Heap before GC invocations=3 (full 0):
 garbage-first heap   total 190464K, used 15395K [0x0000000746a00000, 0x0000000800000000)
  region size 2048K, 7 young (14336K), 2 survivors (4096K)
 Metaspace       used 21244K, committed 21504K, reserved 1073152K
  class space    used 2516K, committed 2624K, reserved 1048576K
}
Event: 1.241 GC heap after
{Heap after GC invocations=4 (full 0):
 garbage-first heap   total 190464K, used 9750K [0x0000000746a00000, 0x0000000800000000)
  region size 2048K, 2 young (4096K), 2 survivors (4096K)
 Metaspace       used 21244K, committed 21504K, reserved 1073152K
  class space    used 2516K, committed 2624K, reserved 1048576K
}
Event: 1.422 GC heap before
{Heap before GC invocations=5 (full 0):
 garbage-first heap   total 49152K, used 32278K [0x0000000746a00000, 0x0000000800000000)
  region size 2048K, 15 young (30720K), 2 survivors (4096K)
 Metaspace       used 26383K, committed 26688K, reserved 1073152K
  class space    used 3275K, committed 3392K, reserved 1048576K
}
Event: 1.427 GC heap after
{Heap after GC invocations=6 (full 0):
 garbage-first heap   total 49152K, used 11147K [0x0000000746a00000, 0x0000000800000000)
  region size 2048K, 3 young (6144K), 3 survivors (6144K)
 Metaspace       used 26383K, committed 26688K, reserved 1073152K
  class space    used 3275K, committed 3392K, reserved 1048576K
}
Event: 1.537 GC heap before
{Heap before GC invocations=6 (full 0):
 garbage-first heap   total 49152K, used 27531K [0x0000000746a00000, 0x0000000800000000)
  region size 2048K, 12 young (24576K), 3 survivors (6144K)
 Metaspace       used 29708K, committed 29952K, reserved 1081344K
  class space    used 3674K, committed 3776K, reserved 1048576K
}
Event: 1.542 GC heap after
{Heap after GC invocations=7 (full 0):
 garbage-first heap   total 49152K, used 12948K [0x0000000746a00000, 0x0000000800000000)
  region size 2048K, 2 young (4096K), 2 survivors (4096K)
 Metaspace       used 29708K, committed 29952K, reserved 1081344K
  class space    used 3674K, committed 3776K, reserved 1048576K
}
Event: 1.717 GC heap before
{Heap before GC invocations=7 (full 0):
 garbage-first heap   total 49152K, used 31380K [0x0000000746a00000, 0x0000000800000000)
  region size 2048K, 11 young (22528K), 2 survivors (4096K)
 Metaspace       used 31385K, committed 31680K, reserved 1081344K
  class space    used 3939K, committed 4096K, reserved 1048576K
}
Event: 1.722 GC heap after
{Heap after GC invocations=8 (full 0):
 garbage-first heap   total 59392K, used 14763K [0x0000000746a00000, 0x0000000800000000)
  region size 2048K, 2 young (4096K), 2 survivors (4096K)
 Metaspace       used 31385K, committed 31680K, reserved 1081344K
  class space    used 3939K, committed 4096K, reserved 1048576K
}
Event: 2.049 GC heap before
{Heap before GC invocations=8 (full 0):
 garbage-first heap   total 59392K, used 39339K [0x0000000746a00000, 0x0000000800000000)
  region size 2048K, 14 young (28672K), 2 survivors (4096K)
 Metaspace       used 34244K, committed 34624K, reserved 1081344K
  class space    used 4385K, committed 4544K, reserved 1048576K
}
Event: 2.054 GC heap after
{Heap after GC invocations=9 (full 0):
 garbage-first heap   total 59392K, used 16170K [0x0000000746a00000, 0x0000000800000000)
  region size 2048K, 2 young (4096K), 2 survivors (4096K)
 Metaspace       used 34244K, committed 34624K, reserved 1081344K
  class space    used 4385K, committed 4544K, reserved 1048576K
}

